2025-02-06 20:53:15,834 - INFO - API inicializada
2025-02-06 20:53:15,834 - INFO - API inicializada
2025-02-06 21:58:51,679 - INFO - API inicializada
2025-02-06 21:58:51,679 - INFO - API inicializada
2025-02-08 00:28:31,936 - INFO - API inicializada
2025-02-08 00:28:31,936 - INFO - API inicializada
2025-02-08 00:29:13,278 - DEBUG - Listando clientes - página: 1, limite: 10, nome: None, email: None, cpf: None
2025-02-08 00:29:13,278 - DEBUG - Listando clientes - página: 1, limite: 10, nome: None, email: None, cpf: None
2025-02-08 00:29:13,437 - INFO - Listagem de clientes retornou 0 clientes (total: 0)
2025-02-08 00:29:13,437 - INFO - Listagem de clientes retornou 0 clientes (total: 0)
2025-02-08 15:05:50,752 - INFO - API inicializada
2025-02-08 15:05:50,752 - INFO - API inicializada
2025-02-08 15:18:16,640 - DEBUG - Iniciando create_cliente para o cliente: Kaynan
2025-02-08 15:18:16,640 - DEBUG - Iniciando create_cliente para o cliente: Kaynan
2025-02-08 15:18:16,766 - DEBUG - Clientes na mesa 67a54c23e8038a86132dc153: 0, Capacidade: 1
2025-02-08 15:18:16,766 - DEBUG - Clientes na mesa 67a54c23e8038a86132dc153: 0, Capacidade: 1
2025-02-08 15:18:16,909 - INFO - Cliente 67a79fe84bf90e1cd1f1f5ea criado com sucesso na mesa 67a54c23e8038a86132dc153
2025-02-08 15:18:16,909 - INFO - Cliente 67a79fe84bf90e1cd1f1f5ea criado com sucesso na mesa 67a54c23e8038a86132dc153
2025-02-08 15:18:44,279 - DEBUG - Iniciando create_cliente para o cliente: GUI GUI
2025-02-08 15:18:44,279 - DEBUG - Iniciando create_cliente para o cliente: GUI GUI
2025-02-08 15:18:44,401 - DEBUG - Clientes na mesa 67a54c23e8038a86132dc153: 1, Capacidade: 1
2025-02-08 15:18:44,401 - DEBUG - Clientes na mesa 67a54c23e8038a86132dc153: 1, Capacidade: 1
2025-02-08 15:18:44,401 - WARNING - Mesa 67a54c23e8038a86132dc153 está cheia. Capacidade: 1, Clientes: 1
2025-02-08 15:18:44,401 - WARNING - Mesa 67a54c23e8038a86132dc153 está cheia. Capacidade: 1, Clientes: 1
2025-02-08 15:19:04,860 - DEBUG - Iniciando create_cliente para o cliente: GUI GUI
2025-02-08 15:19:04,860 - DEBUG - Iniciando create_cliente para o cliente: GUI GUI
2025-02-08 15:19:04,985 - DEBUG - Clientes na mesa 67a79e804bf90e1cd1f1f5e8: 0, Capacidade: 2
2025-02-08 15:19:04,985 - DEBUG - Clientes na mesa 67a79e804bf90e1cd1f1f5e8: 0, Capacidade: 2
2025-02-08 15:19:05,114 - INFO - Cliente 67a7a0184bf90e1cd1f1f5eb criado com sucesso na mesa 67a79e804bf90e1cd1f1f5e8
2025-02-08 15:19:05,114 - INFO - Cliente 67a7a0184bf90e1cd1f1f5eb criado com sucesso na mesa 67a79e804bf90e1cd1f1f5e8
2025-02-08 15:21:05,711 - DEBUG - Iniciando create_cliente para o cliente: Belchior
2025-02-08 15:21:05,711 - DEBUG - Iniciando create_cliente para o cliente: Belchior
2025-02-08 15:21:05,836 - DEBUG - Clientes na mesa 67a79e804bf90e1cd1f1f5e8: 1, Capacidade: 2
2025-02-08 15:21:05,836 - DEBUG - Clientes na mesa 67a79e804bf90e1cd1f1f5e8: 1, Capacidade: 2
2025-02-08 15:21:05,961 - INFO - Cliente 67a7a0914bf90e1cd1f1f5ec criado com sucesso na mesa 67a79e804bf90e1cd1f1f5e8
2025-02-08 15:21:05,961 - INFO - Cliente 67a7a0914bf90e1cd1f1f5ec criado com sucesso na mesa 67a79e804bf90e1cd1f1f5e8
2025-02-08 15:21:14,240 - DEBUG - Listando clientes - página: 1, limite: 10, nome: None, email: None, cpf: None
2025-02-08 15:21:14,240 - DEBUG - Listando clientes - página: 1, limite: 10, nome: None, email: None, cpf: None
2025-02-08 15:21:14,365 - INFO - Listagem de clientes retornou 3 clientes (total: 3)
2025-02-08 15:21:14,365 - INFO - Listagem de clientes retornou 3 clientes (total: 3)
2025-02-08 15:23:49,323 - DEBUG - Listando clientes - página: 1, limite: 10, nome: None, email: None, cpf: None
2025-02-08 15:23:49,323 - DEBUG - Listando clientes - página: 1, limite: 10, nome: None, email: None, cpf: None
2025-02-08 15:23:49,440 - INFO - Listagem de clientes retornou 3 clientes (total: 3)
2025-02-08 15:23:49,440 - INFO - Listagem de clientes retornou 3 clientes (total: 3)
2025-02-08 15:24:04,133 - DEBUG - Listando clientes - página: 1, limite: 10, nome: None, email: None, cpf: None
2025-02-08 15:24:04,133 - DEBUG - Listando clientes - página: 1, limite: 10, nome: None, email: None, cpf: None
2025-02-08 15:24:04,914 - INFO - Listagem de clientes retornou 3 clientes (total: 3)
2025-02-08 15:24:04,914 - INFO - Listagem de clientes retornou 3 clientes (total: 3)
2025-02-08 15:24:17,827 - DEBUG - Listando clientes - página: 1, limite: 1, nome: None, email: None, cpf: None
2025-02-08 15:24:17,827 - DEBUG - Listando clientes - página: 1, limite: 1, nome: None, email: None, cpf: None
2025-02-08 15:24:17,958 - INFO - Listagem de clientes retornou 1 clientes (total: 3)
2025-02-08 15:24:17,958 - INFO - Listagem de clientes retornou 1 clientes (total: 3)
2025-02-08 15:24:32,537 - DEBUG - Listando clientes - página: 2, limite: 1, nome: None, email: None, cpf: None
2025-02-08 15:24:32,537 - DEBUG - Listando clientes - página: 2, limite: 1, nome: None, email: None, cpf: None
2025-02-08 15:24:32,658 - INFO - Listagem de clientes retornou 1 clientes (total: 3)
2025-02-08 15:24:32,658 - INFO - Listagem de clientes retornou 1 clientes (total: 3)
2025-02-08 15:24:36,036 - DEBUG - Listando clientes - página: 3, limite: 1, nome: None, email: None, cpf: None
2025-02-08 15:24:36,036 - DEBUG - Listando clientes - página: 3, limite: 1, nome: None, email: None, cpf: None
2025-02-08 15:24:36,161 - INFO - Listagem de clientes retornou 1 clientes (total: 3)
2025-02-08 15:24:36,161 - INFO - Listagem de clientes retornou 1 clientes (total: 3)
2025-02-08 15:24:40,908 - DEBUG - Listando clientes - página: 1, limite: 10, nome: None, email: None, cpf: None
2025-02-08 15:24:40,908 - DEBUG - Listando clientes - página: 1, limite: 10, nome: None, email: None, cpf: None
2025-02-08 15:24:41,031 - INFO - Listagem de clientes retornou 3 clientes (total: 3)
2025-02-08 15:24:41,031 - INFO - Listagem de clientes retornou 3 clientes (total: 3)
2025-02-08 15:27:02,090 - DEBUG - Criando comanda para cliente_id: 67a79fe84bf90e1cd1f1f5ea
2025-02-08 15:27:02,090 - DEBUG - Criando comanda para cliente_id: 67a79fe84bf90e1cd1f1f5ea
2025-02-08 15:27:02,090 - DEBUG - Buscando cliente com ID: 67a79fe84bf90e1cd1f1f5ea
2025-02-08 15:27:02,090 - DEBUG - Buscando cliente com ID: 67a79fe84bf90e1cd1f1f5ea
2025-02-08 15:27:02,151 - INFO - Cliente 67a79fe84bf90e1cd1f1f5ea encontrado com sucesso.
2025-02-08 15:27:02,151 - INFO - Cliente 67a79fe84bf90e1cd1f1f5ea encontrado com sucesso.
2025-02-08 15:27:02,300 - INFO - Comanda 67a7a1f6311e319ee5a51cf0 criada com sucesso.
2025-02-08 15:27:02,300 - INFO - Comanda 67a7a1f6311e319ee5a51cf0 criada com sucesso.
2025-02-08 15:27:40,810 - DEBUG - Criando comanda para cliente_id: 67a7a0184bf90e1cd1f1f5eb
2025-02-08 15:27:40,810 - DEBUG - Criando comanda para cliente_id: 67a7a0184bf90e1cd1f1f5eb
2025-02-08 15:27:40,810 - DEBUG - Buscando cliente com ID: 67a7a0184bf90e1cd1f1f5eb
2025-02-08 15:27:40,810 - DEBUG - Buscando cliente com ID: 67a7a0184bf90e1cd1f1f5eb
2025-02-08 15:27:40,872 - INFO - Cliente 67a7a0184bf90e1cd1f1f5eb encontrado com sucesso.
2025-02-08 15:27:40,872 - INFO - Cliente 67a7a0184bf90e1cd1f1f5eb encontrado com sucesso.
2025-02-08 15:27:41,012 - INFO - Comanda 67a7a21c311e319ee5a51cf1 criada com sucesso.
2025-02-08 15:27:41,012 - INFO - Comanda 67a7a21c311e319ee5a51cf1 criada com sucesso.
2025-02-08 15:27:46,551 - DEBUG - Criando comanda para cliente_id: 67a7a0184bf90e1cd1f1f5eb
2025-02-08 15:27:46,551 - DEBUG - Criando comanda para cliente_id: 67a7a0184bf90e1cd1f1f5eb
2025-02-08 15:27:46,551 - DEBUG - Buscando cliente com ID: 67a7a0184bf90e1cd1f1f5eb
2025-02-08 15:27:46,551 - DEBUG - Buscando cliente com ID: 67a7a0184bf90e1cd1f1f5eb
2025-02-08 15:27:46,614 - INFO - Cliente 67a7a0184bf90e1cd1f1f5eb encontrado com sucesso.
2025-02-08 15:27:46,614 - INFO - Cliente 67a7a0184bf90e1cd1f1f5eb encontrado com sucesso.
2025-02-08 15:27:46,749 - INFO - Comanda 67a7a222311e319ee5a51cf2 criada com sucesso.
2025-02-08 15:27:46,749 - INFO - Comanda 67a7a222311e319ee5a51cf2 criada com sucesso.
2025-02-08 15:27:53,449 - DEBUG - Listando comandas - página: 1, limite: 10, status: None, cliente_id: None
2025-02-08 15:27:53,449 - DEBUG - Listando comandas - página: 1, limite: 10, status: None, cliente_id: None
2025-02-08 15:27:53,621 - INFO - Listagem de comandas retornou 3 comandas (total: 3)
2025-02-08 15:27:53,621 - INFO - Listagem de comandas retornou 3 comandas (total: 3)
2025-02-08 15:28:31,153 - DEBUG - Criando comanda para cliente_id: 67a79fe84bf90e1cd1f1f5ea
2025-02-08 15:28:31,153 - DEBUG - Criando comanda para cliente_id: 67a79fe84bf90e1cd1f1f5ea
2025-02-08 15:28:31,153 - DEBUG - Buscando cliente com ID: 67a79fe84bf90e1cd1f1f5ea
2025-02-08 15:28:31,153 - DEBUG - Buscando cliente com ID: 67a79fe84bf90e1cd1f1f5ea
2025-02-08 15:28:31,217 - INFO - Cliente 67a79fe84bf90e1cd1f1f5ea encontrado com sucesso.
2025-02-08 15:28:31,217 - INFO - Cliente 67a79fe84bf90e1cd1f1f5ea encontrado com sucesso.
2025-02-08 15:28:31,346 - INFO - Comanda 67a7a24f311e319ee5a51cf3 criada com sucesso.
2025-02-08 15:28:31,346 - INFO - Comanda 67a7a24f311e319ee5a51cf3 criada com sucesso.
2025-02-08 15:28:39,112 - DEBUG - Listando comandas - página: 1, limite: 10, status: None, cliente_id: None
2025-02-08 15:28:39,112 - DEBUG - Listando comandas - página: 1, limite: 10, status: None, cliente_id: None
2025-02-08 15:28:39,257 - INFO - Listagem de comandas retornou 4 comandas (total: 4)
2025-02-08 15:28:39,257 - INFO - Listagem de comandas retornou 4 comandas (total: 4)
2025-02-08 15:32:34,214 - DEBUG - Listando comandas - página: 1, limite: 10, status: None, cliente_id: None
2025-02-08 15:32:34,214 - DEBUG - Listando comandas - página: 1, limite: 10, status: None, cliente_id: None
2025-02-08 15:32:34,889 - INFO - Listagem de comandas retornou 4 comandas (total: 4)
2025-02-08 15:32:34,889 - INFO - Listagem de comandas retornou 4 comandas (total: 4)
2025-02-08 15:34:10,767 - DEBUG - Listando comandas - página: 1, limite: 1, status: None, cliente_id: None
2025-02-08 15:34:10,767 - DEBUG - Listando comandas - página: 1, limite: 1, status: None, cliente_id: None
2025-02-08 15:34:10,884 - INFO - Listagem de comandas retornou 1 comandas (total: 4)
2025-02-08 15:34:10,884 - INFO - Listagem de comandas retornou 1 comandas (total: 4)
2025-02-08 15:34:17,771 - DEBUG - Listando comandas - página: 1, limite: 2, status: None, cliente_id: None
2025-02-08 15:34:17,771 - DEBUG - Listando comandas - página: 1, limite: 2, status: None, cliente_id: None
2025-02-08 15:34:17,886 - INFO - Listagem de comandas retornou 2 comandas (total: 4)
2025-02-08 15:34:17,886 - INFO - Listagem de comandas retornou 2 comandas (total: 4)
2025-02-08 15:34:47,470 - DEBUG - Criando ingrediente: cenoura
2025-02-08 15:34:47,470 - DEBUG - Criando ingrediente: cenoura
2025-02-08 15:34:47,604 - INFO - Ingrediente 67a7a3c72487a31fe56b922a criado com sucesso.
2025-02-08 15:34:47,604 - INFO - Ingrediente 67a7a3c72487a31fe56b922a criado com sucesso.
2025-02-08 15:34:58,869 - DEBUG - Criando ingrediente: arroz
2025-02-08 15:34:58,869 - DEBUG - Criando ingrediente: arroz
2025-02-08 15:34:59,003 - INFO - Ingrediente 67a7a3d22487a31fe56b922b criado com sucesso.
2025-02-08 15:34:59,003 - INFO - Ingrediente 67a7a3d22487a31fe56b922b criado com sucesso.
2025-02-08 15:35:06,641 - DEBUG - Criando ingrediente: café
2025-02-08 15:35:06,641 - DEBUG - Criando ingrediente: café
2025-02-08 15:35:06,766 - INFO - Ingrediente 67a7a3da2487a31fe56b922c criado com sucesso.
2025-02-08 15:35:06,766 - INFO - Ingrediente 67a7a3da2487a31fe56b922c criado com sucesso.
2025-02-08 15:35:17,657 - DEBUG - Criando ingrediente: cebola
2025-02-08 15:35:17,657 - DEBUG - Criando ingrediente: cebola
2025-02-08 15:35:17,774 - INFO - Ingrediente 67a7a3e52487a31fe56b922d criado com sucesso.
2025-02-08 15:35:17,774 - INFO - Ingrediente 67a7a3e52487a31fe56b922d criado com sucesso.
2025-02-08 15:35:24,819 - DEBUG - Listando ingredientes - página: 1, limite: 10, nome: None
2025-02-08 15:35:24,819 - DEBUG - Listando ingredientes - página: 1, limite: 10, nome: None
2025-02-08 15:35:24,943 - INFO - Listagem de ingredientes retornou 4 ingredientes (total: 4)
2025-02-08 15:35:24,943 - INFO - Listagem de ingredientes retornou 4 ingredientes (total: 4)
2025-02-08 15:36:20,467 - DEBUG - Listando ingredientes - página: 1, limite: 10, nome: None
2025-02-08 15:36:20,467 - DEBUG - Listando ingredientes - página: 1, limite: 10, nome: None
2025-02-08 15:36:20,587 - INFO - Listagem de ingredientes retornou 4 ingredientes (total: 4)
2025-02-08 15:36:20,587 - INFO - Listagem de ingredientes retornou 4 ingredientes (total: 4)
2025-02-08 15:36:25,218 - DEBUG - Listando ingredientes - página: 1, limite: 10, nome: None
2025-02-08 15:36:25,218 - DEBUG - Listando ingredientes - página: 1, limite: 10, nome: None
2025-02-08 15:36:25,925 - INFO - Listagem de ingredientes retornou 4 ingredientes (total: 4)
2025-02-08 15:36:25,925 - INFO - Listagem de ingredientes retornou 4 ingredientes (total: 4)
2025-02-08 15:36:35,795 - DEBUG - Listando ingredientes - página: 1, limite: 2, nome: None
2025-02-08 15:36:35,795 - DEBUG - Listando ingredientes - página: 1, limite: 2, nome: None
2025-02-08 15:36:35,911 - INFO - Listagem de ingredientes retornou 2 ingredientes (total: 4)
2025-02-08 15:36:35,911 - INFO - Listagem de ingredientes retornou 2 ingredientes (total: 4)
2025-02-08 15:37:32,907 - DEBUG - Listando comandas - página: 1, limite: 10, status: None, cliente_id: None
2025-02-08 15:37:32,907 - DEBUG - Listando comandas - página: 1, limite: 10, status: None, cliente_id: None
2025-02-08 15:37:33,027 - INFO - Listagem de comandas retornou 4 comandas (total: 4)
2025-02-08 15:37:33,027 - INFO - Listagem de comandas retornou 4 comandas (total: 4)
2025-02-08 15:38:49,719 - DEBUG - Criando prato: Carneiro a lá fumacê
2025-02-08 15:38:49,719 - DEBUG - Criando prato: Carneiro a lá fumacê
2025-02-08 15:38:49,720 - DEBUG - Buscando comanda com ID: 67a7a1f6311e319ee5a51cf0
2025-02-08 15:38:49,720 - DEBUG - Buscando comanda com ID: 67a7a1f6311e319ee5a51cf0
2025-02-08 15:38:50,358 - INFO - Comanda 67a7a1f6311e319ee5a51cf0 encontrada com sucesso.
2025-02-08 15:38:50,358 - INFO - Comanda 67a7a1f6311e319ee5a51cf0 encontrada com sucesso.
2025-02-08 15:38:50,491 - INFO - Prato 67a7a4ba45d6fe4981e9ab3a criado com sucesso.
2025-02-08 15:38:50,491 - INFO - Prato 67a7a4ba45d6fe4981e9ab3a criado com sucesso.
2025-02-08 15:39:58,037 - DEBUG - Criando prato: Sorbet de Macarujá
2025-02-08 15:39:58,037 - DEBUG - Criando prato: Sorbet de Macarujá
2025-02-08 15:39:58,038 - DEBUG - Buscando comanda com ID: 67a7a1f6311e319ee5a51cf0
2025-02-08 15:39:58,038 - DEBUG - Buscando comanda com ID: 67a7a1f6311e319ee5a51cf0
2025-02-08 15:39:58,095 - INFO - Comanda 67a7a1f6311e319ee5a51cf0 encontrada com sucesso.
2025-02-08 15:39:58,095 - INFO - Comanda 67a7a1f6311e319ee5a51cf0 encontrada com sucesso.
2025-02-08 15:39:58,211 - INFO - Prato 67a7a4fe45d6fe4981e9ab3b criado com sucesso.
2025-02-08 15:39:58,211 - INFO - Prato 67a7a4fe45d6fe4981e9ab3b criado com sucesso.
2025-02-08 15:40:04,564 - DEBUG - Listando pratos - página: 1, limite: 10, nome: None, categoria: None
2025-02-08 15:40:04,564 - DEBUG - Listando pratos - página: 1, limite: 10, nome: None, categoria: None
2025-02-08 15:40:04,679 - INFO - Listagem de pratos retornou 2 pratos (total: 2)
2025-02-08 15:40:04,679 - INFO - Listagem de pratos retornou 2 pratos (total: 2)
2025-02-08 15:51:18,767 - DEBUG - Listando comandas - página: 1, limite: 10, status: None, cliente_id: None
2025-02-08 15:51:18,767 - DEBUG - Listando comandas - página: 1, limite: 10, status: None, cliente_id: None
2025-02-08 15:51:19,467 - INFO - Listagem de comandas retornou 4 comandas (total: 4)
2025-02-08 15:51:19,467 - INFO - Listagem de comandas retornou 4 comandas (total: 4)
2025-02-08 15:51:48,926 - DEBUG - Listando comandas - página: 1, limite: 10, status: None, cliente_id: None
2025-02-08 15:51:48,926 - DEBUG - Listando comandas - página: 1, limite: 10, status: None, cliente_id: None
2025-02-08 15:51:49,062 - INFO - Listagem de comandas retornou 4 comandas (total: 4)
2025-02-08 15:51:49,062 - INFO - Listagem de comandas retornou 4 comandas (total: 4)
2025-02-08 15:53:14,828 - DEBUG - Listando comandas - página: 1, limite: 10, status: None, cliente_id: None
2025-02-08 15:53:14,828 - DEBUG - Listando comandas - página: 1, limite: 10, status: None, cliente_id: None
2025-02-08 15:53:15,532 - INFO - Listagem de comandas retornou 4 comandas (total: 4)
2025-02-08 15:53:15,532 - INFO - Listagem de comandas retornou 4 comandas (total: 4)
2025-02-08 15:53:35,777 - DEBUG - Buscando comanda com ID: 67a7a1f6311e319ee5a51cf0
2025-02-08 15:53:35,777 - DEBUG - Buscando comanda com ID: 67a7a1f6311e319ee5a51cf0
2025-02-08 15:53:35,835 - INFO - Comanda 67a7a1f6311e319ee5a51cf0 encontrada com sucesso.
2025-02-08 15:53:35,835 - INFO - Comanda 67a7a1f6311e319ee5a51cf0 encontrada com sucesso.
2025-02-08 15:54:33,598 - DEBUG - Listando ingredientes - página: 1, limite: 10, nome: None
2025-02-08 15:54:33,598 - DEBUG - Listando ingredientes - página: 1, limite: 10, nome: None
2025-02-08 15:54:33,718 - INFO - Listagem de ingredientes retornou 4 ingredientes (total: 4)
2025-02-08 15:54:33,718 - INFO - Listagem de ingredientes retornou 4 ingredientes (total: 4)
2025-02-08 15:56:40,400 - DEBUG - Listando pratos - página: 1, limite: 10, nome: None, categoria: None
2025-02-08 15:56:40,400 - DEBUG - Listando pratos - página: 1, limite: 10, nome: None, categoria: None
2025-02-08 15:56:40,518 - INFO - Listagem de pratos retornou 2 pratos (total: 2)
2025-02-08 15:56:40,518 - INFO - Listagem de pratos retornou 2 pratos (total: 2)
2025-02-08 15:56:52,150 - DEBUG - Listando comandas - página: 1, limite: 10, status: None, cliente_id: None
2025-02-08 15:56:52,150 - DEBUG - Listando comandas - página: 1, limite: 10, status: None, cliente_id: None
2025-02-08 15:56:52,274 - INFO - Listagem de comandas retornou 4 comandas (total: 4)
2025-02-08 15:56:52,274 - INFO - Listagem de comandas retornou 4 comandas (total: 4)
2025-02-08 16:32:17,070 - DEBUG - Deletando comanda com ID: 67a7a24f311e319ee5a51cf3
2025-02-08 16:32:17,070 - DEBUG - Deletando comanda com ID: 67a7a24f311e319ee5a51cf3
2025-02-08 16:32:17,756 - INFO - Comanda 67a7a24f311e319ee5a51cf3 deletada com sucesso.
2025-02-08 16:32:17,756 - INFO - Comanda 67a7a24f311e319ee5a51cf3 deletada com sucesso.
2025-02-08 16:32:25,271 - DEBUG - Listando comandas - página: 1, limite: 10, status: None, cliente_id: None
2025-02-08 16:32:25,271 - DEBUG - Listando comandas - página: 1, limite: 10, status: None, cliente_id: None
2025-02-08 16:32:25,387 - INFO - Listagem de comandas retornou 3 comandas (total: 3)
2025-02-08 16:32:25,387 - INFO - Listagem de comandas retornou 3 comandas (total: 3)
2025-02-08 16:32:41,771 - DEBUG - Deletando comanda com ID: 67a7a222311e319ee5a51cf2
2025-02-08 16:32:41,771 - DEBUG - Deletando comanda com ID: 67a7a222311e319ee5a51cf2
2025-02-08 16:32:41,832 - INFO - Comanda 67a7a222311e319ee5a51cf2 deletada com sucesso.
2025-02-08 16:32:41,832 - INFO - Comanda 67a7a222311e319ee5a51cf2 deletada com sucesso.
2025-02-08 16:32:52,749 - DEBUG - Listando comandas - página: 1, limite: 10, status: None, cliente_id: None
2025-02-08 16:32:52,749 - DEBUG - Listando comandas - página: 1, limite: 10, status: None, cliente_id: None
2025-02-08 16:32:52,868 - INFO - Listagem de comandas retornou 2 comandas (total: 2)
2025-02-08 16:32:52,868 - INFO - Listagem de comandas retornou 2 comandas (total: 2)
2025-02-08 16:33:02,918 - DEBUG - Deletando comanda com ID: 67a7a21c311e319ee5a51cf1
2025-02-08 16:33:02,918 - DEBUG - Deletando comanda com ID: 67a7a21c311e319ee5a51cf1
2025-02-08 16:33:02,986 - INFO - Comanda 67a7a21c311e319ee5a51cf1 deletada com sucesso.
2025-02-08 16:33:02,986 - INFO - Comanda 67a7a21c311e319ee5a51cf1 deletada com sucesso.
2025-02-08 16:33:07,475 - DEBUG - Listando comandas - página: 1, limite: 10, status: None, cliente_id: None
2025-02-08 16:33:07,475 - DEBUG - Listando comandas - página: 1, limite: 10, status: None, cliente_id: None
2025-02-08 16:33:07,587 - INFO - Listagem de comandas retornou 1 comandas (total: 1)
2025-02-08 16:33:07,587 - INFO - Listagem de comandas retornou 1 comandas (total: 1)
2025-02-08 16:48:45,181 - DEBUG - Listando clientes - página: 1, limite: 10, nome: None, email: None, cpf: None
2025-02-08 16:48:45,181 - DEBUG - Listando clientes - página: 1, limite: 10, nome: None, email: None, cpf: None
2025-02-08 16:48:45,921 - INFO - Listagem de clientes retornou 3 clientes (total: 3)
2025-02-08 16:48:45,921 - INFO - Listagem de clientes retornou 3 clientes (total: 3)
2025-02-08 16:50:43,825 - DEBUG - Deletando cliente com ID: 67a7a0914bf90e1cd1f1f5ec
2025-02-08 16:50:43,825 - DEBUG - Deletando cliente com ID: 67a7a0914bf90e1cd1f1f5ec
2025-02-08 16:50:44,484 - INFO - Cliente 67a7a0914bf90e1cd1f1f5ec deletado com sucesso.
2025-02-08 16:50:44,484 - INFO - Cliente 67a7a0914bf90e1cd1f1f5ec deletado com sucesso.
2025-02-08 16:50:52,532 - DEBUG - Listando clientes - página: 1, limite: 10, nome: None, email: None, cpf: None
2025-02-08 16:50:52,532 - DEBUG - Listando clientes - página: 1, limite: 10, nome: None, email: None, cpf: None
2025-02-08 16:50:52,653 - INFO - Listagem de clientes retornou 2 clientes (total: 2)
2025-02-08 16:50:52,653 - INFO - Listagem de clientes retornou 2 clientes (total: 2)
2025-02-08 16:51:10,583 - DEBUG - Buscando cliente com ID: 67a7a0184bf90e1cd1f1f5eb
2025-02-08 16:51:10,583 - DEBUG - Buscando cliente com ID: 67a7a0184bf90e1cd1f1f5eb
2025-02-08 16:51:10,642 - INFO - Cliente 67a7a0184bf90e1cd1f1f5eb encontrado com sucesso.
2025-02-08 16:51:10,642 - INFO - Cliente 67a7a0184bf90e1cd1f1f5eb encontrado com sucesso.
2025-02-08 16:59:44,523 - DEBUG - Listando comandas - página: 1, limite: 10, status: None, cliente_id: None
2025-02-08 16:59:44,523 - DEBUG - Listando comandas - página: 1, limite: 10, status: None, cliente_id: None
2025-02-08 16:59:44,641 - INFO - Listagem de comandas retornou 1 comandas (total: 1)
2025-02-08 16:59:44,641 - INFO - Listagem de comandas retornou 1 comandas (total: 1)
2025-02-08 17:00:02,376 - DEBUG - Criando comanda para cliente_id: 67a79fe84bf90e1cd1f1f5ea
2025-02-08 17:00:02,376 - DEBUG - Criando comanda para cliente_id: 67a79fe84bf90e1cd1f1f5ea
2025-02-08 17:00:02,376 - DEBUG - Buscando cliente com ID: 67a79fe84bf90e1cd1f1f5ea
2025-02-08 17:00:02,376 - DEBUG - Buscando cliente com ID: 67a79fe84bf90e1cd1f1f5ea
2025-02-08 17:00:02,455 - INFO - Cliente 67a79fe84bf90e1cd1f1f5ea encontrado com sucesso.
2025-02-08 17:00:02,455 - INFO - Cliente 67a79fe84bf90e1cd1f1f5ea encontrado com sucesso.
2025-02-08 17:00:02,517 - WARNING - Já existe uma comanda aberta para o cliente 67a79fe84bf90e1cd1f1f5ea.
2025-02-08 17:00:02,517 - WARNING - Já existe uma comanda aberta para o cliente 67a79fe84bf90e1cd1f1f5ea.
2025-02-08 17:09:56,303 - DEBUG - Listando ingredientes - página: 1, limite: 10, nome: a
2025-02-08 17:09:56,303 - DEBUG - Listando ingredientes - página: 1, limite: 10, nome: a
2025-02-08 17:09:56,423 - INFO - Listagem de ingredientes retornou 4 ingredientes (total: 4)
2025-02-08 17:09:56,423 - INFO - Listagem de ingredientes retornou 4 ingredientes (total: 4)
